2014-11-25 20:56:27.028 ChineseCubes Practice Game[26784:439506] DiskCookieStorage changing policy from 2 to 0, cookie file: file:///Users/audreyt/Library/Developer/CoreSimulator/Devices/A9D03208-01EF-4BF6-A81E-267DBDEB0A5D/data/Containers/Data/Application/86D43D84-A933-4336-A503-75CE195A7C7F/Library/Cookies/Cookies.binarycookies
2014-11-25 20:56:27.129 ChineseCubes Practice Game[26784:439506] Multi-tasking -> Device: YES, App: YES
2014-11-25 20:56:27.143 ChineseCubes Practice Game[26784:439506] Unlimited access to network resources
2014-11-25 20:56:27.148 ChineseCubes Practice Game[26784:439506] 

Started backup to iCloud! Please be careful.
Your application might rejected by Apple if you store too much data.
For more information please read "iOS Data Storage Guidelines"
You could find it at the following address https://developer.apple.com/icloud/documentation/data-storage/ .

2014-11-25 20:56:28.226 ChineseCubes Practice Game[26784:439506] Resetting plugins due to page load.
>>>> frameSizeChanged = 4096
>>>> frameSizeChanged = 4096
2014-11-25 20:56:28.565 ChineseCubes Practice Game[26784:439506] Finished load of: file:///Users/audreyt/Library/Developer/CoreSimulator/Devices/A9D03208-01EF-4BF6-A81E-267DBDEB0A5D/data/Containers/Bundle/Application/E04D60A5-C437-4CC4-A3DC-E5FE33CC3CA5/ChineseCubes%20Practice%20Game.app/www/index.html
2014-11-25 21:07:29.194 ChineseCubes Practice Game[27509:447384] Multi-tasking -> Device: YES, App: YES
2014-11-25 21:07:29.198 ChineseCubes Practice Game[27509:447384] Unlimited access to network resources
2014-11-25 21:07:29.200 ChineseCubes Practice Game[27509:447384] 

Started backup to iCloud! Please be careful.
Your application might rejected by Apple if you store too much data.
For more information please read "iOS Data Storage Guidelines"
You could find it at the following address https://developer.apple.com/icloud/documentation/data-storage/ .

2014-11-25 21:07:29.355 ChineseCubes Practice Game[27509:447384] Resetting plugins due to page load.
>>>> frameSizeChanged = 4096
>>>> frameSizeChanged = 4096
2014-11-25 21:07:32.129 ChineseCubes Practice Game[27509:447384] Finished load of: file:///Users/audreyt/Library/Developer/CoreSimulator/Devices/A9D03208-01EF-4BF6-A81E-267DBDEB0A5D/data/Containers/Bundle/Application/A99E4E32-2A91-4AD4-ACF6-F465EC8B6CB7/ChineseCubes%20Practice%20Game.app/www/index.html
